Determining if the pthread_create exist failed with the following output:
Change Dir: /home/ubuntu/catkin_ws/src/vp_detect/build/CMakeFiles/CMakeTmp

Run Build Command:/usr/bin/make "cmTryCompileExec2593699985/fast"
make[1]: Entering directory `/home/ubuntu/catkin_ws/src/vp_detect/build/CMakeFiles/CMakeTmp'
/usr/bin/make -f CMakeFiles/cmTryCompileExec2593699985.dir/build.make CMakeFiles/cmTryCompileExec2593699985.dir/build
make[2]: Entering directory `/home/ubuntu/catkin_ws/src/vp_detect/build/CMakeFiles/CMakeTmp'
/usr/bin/cmake -E cmake_progress_report /home/ubuntu/catkin_ws/src/vp_detect/build/CMakeFiles/CMakeTmp/CMakeFiles 1
Building C object CMakeFiles/cmTryCompileExec2593699985.dir/CheckSymbolExists.c.o
/usr/bin/cc    -o CMakeFiles/cmTryCompileExec2593699985.dir/CheckSymbolExists.c.o   -c /home/ubuntu/catkin_ws/src/vp_detect/build/CMakeFiles/CMakeTmp/CheckSymbolExists.c
Linking C executable cmTryCompileExec2593699985
/usr/bin/cmake -E cmake_link_script CMakeFiles/cmTryCompileExec2593699985.dir/link.txt --verbose=1
/usr/bin/cc       CMakeFiles/cmTryCompileExec2593699985.dir/CheckSymbolExists.c.o  -o cmTryCompileExec2593699985 -rdynamic 
CMakeFiles/cmTryCompileExec2593699985.dir/CheckSymbolExists.c.o: In function `main':
CheckSymbolExists.c:(.text+0x16): undefined reference to `pthread_create'
collect2: error: ld returned 1 exit status
make[2]: *** [cmTryCompileExec2593699985] Error 1
make[2]: Leaving directory `/home/ubuntu/catkin_ws/src/vp_detect/build/CMakeFiles/CMakeTmp'
make[1]: *** [cmTryCompileExec2593699985/fast] Error 2
make[1]: Leaving directory `/home/ubuntu/catkin_ws/src/vp_detect/build/CMakeFiles/CMakeTmp'

File /home/ubuntu/catkin_ws/src/vp_detect/build/CMakeFiles/CMakeTmp/CheckSymbolExists.c:
/* */
#include <pthread.h>

int main(int argc, char** argv)
{
  (void)argv;
#ifndef pthread_create
  return ((int*)(&pthread_create))[argc];
#else
  (void)argc;
  return 0;
#endif
}

Determining if the function pthread_create exists in the pthreads failed with the following output:
Change Dir: /home/ubuntu/catkin_ws/src/vp_detect/build/CMakeFiles/CMakeTmp

Run Build Command:/usr/bin/make "cmTryCompileExec3629434355/fast"
make[1]: Entering directory `/home/ubuntu/catkin_ws/src/vp_detect/build/CMakeFiles/CMakeTmp'
/usr/bin/make -f CMakeFiles/cmTryCompileExec3629434355.dir/build.make CMakeFiles/cmTryCompileExec3629434355.dir/build
make[2]: Entering directory `/home/ubuntu/catkin_ws/src/vp_detect/build/CMakeFiles/CMakeTmp'
/usr/bin/cmake -E cmake_progress_report /home/ubuntu/catkin_ws/src/vp_detect/build/CMakeFiles/CMakeTmp/CMakeFiles 1
Building C object CMakeFiles/cmTryCompileExec3629434355.dir/CheckFunctionExists.c.o
/usr/bin/cc   -DCHECK_FUNCTION_EXISTS=pthread_create   -o CMakeFiles/cmTryCompileExec3629434355.dir/CheckFunctionExists.c.o   -c /usr/share/cmake-2.8/Modules/CheckFunctionExists.c
Linking C executable cmTryCompileExec3629434355
/usr/bin/cmake -E cmake_link_script CMakeFiles/cmTryCompileExec3629434355.dir/link.txt --verbose=1
/usr/bin/cc   -DCHECK_FUNCTION_EXISTS=pthread_create    CMakeFiles/cmTryCompileExec3629434355.dir/CheckFunctionExists.c.o  -o cmTryCompileExec3629434355 -rdynamic -lpthreads 
/usr/bin/ld: cannot find -lpthreads
collect2: error: ld returned 1 exit status
make[2]: *** [cmTryCompileExec3629434355] Error 1
make[2]: Leaving directory `/home/ubuntu/catkin_ws/src/vp_detect/build/CMakeFiles/CMakeTmp'
make[1]: *** [cmTryCompileExec3629434355/fast] Error 2
make[1]: Leaving directory `/home/ubuntu/catkin_ws/src/vp_detect/build/CMakeFiles/CMakeTmp'


